INFO:pyaf.timing:('OPERATION_START', ('SIGNAL_TRAINING', {'Signals': ['signal'], 'Transformations': [('signal', 'None', '_', 'T+S+R'), ('signal', 'None', 'Diff_', 'T+S+R'), ('signal', 'None', 'RelDiff_', 'T+S+R'), ('signal', 'None', 'CumSum_', 'T+S+R')], 'Cores': 4}))
INFO:pyaf.timing:('OPERATION_START', ('TRAINING', {'Signal': 'signal', 'Transformation': '_signal'}))
INFO:pyaf.timing:('OPERATION_START', ('TRAINING', {'Signal': 'signal', 'Transformation': 'Diff_signal'}))
INFO:pyaf.timing:('OPERATION_START', ('TRAINING', {'Signal': 'signal', 'Transformation': 'RelDiff_signal'}))
INFO:pyaf.timing:('OPERATION_START', ('TRAINING', {'Signal': 'signal', 'Transformation': 'CumSum_signal'}))
INFO:pyaf.std:SKIPPING_AR_MODELS_WITH_LOW_VARIANCE_FOR_CYCLE_RESIDUES ('T+S+R', 4, 10, ['CumSum_signal_ConstantTrend_residue_bestCycle_byMAPE_residue', 'CumSum_signal_ConstantTrend_residue_zeroCycle[0.0]_residue', 'CumSum_signal_Lag1Trend_residue_bestCycle_byMAPE_residue', 'CumSum_signal_Lag1Trend_residue_zeroCycle[0.0]_residue'])
INFO:pyaf.std:SKIPPING_AR_MODELS_WITH_LOW_VARIANCE_FOR_CYCLE_RESIDUES ('T+S+R', 4, 10, ['_signal_ConstantTrend_residue_bestCycle_byMAPE_residue', '_signal_ConstantTrend_residue_zeroCycle[0.0]_residue', '_signal_Lag1Trend_residue_bestCycle_byMAPE_residue', '_signal_Lag1Trend_residue_zeroCycle[0.0]_residue'])
INFO:pyaf.std:SKIPPING_AR_MODELS_WITH_LOW_VARIANCE_FOR_CYCLE_RESIDUES ('T+S+R', 4, 10, ['Diff_signal_ConstantTrend_residue_bestCycle_byMAPE_residue', 'Diff_signal_ConstantTrend_residue_zeroCycle[0.0]_residue', 'Diff_signal_Lag1Trend_residue_bestCycle_byMAPE_residue', 'Diff_signal_Lag1Trend_residue_zeroCycle[0.0]_residue'])
INFO:pyaf.std:SKIPPING_AR_MODELS_WITH_LOW_VARIANCE_FOR_CYCLE_RESIDUES ('T+S+R', 4, 10, ['RelDiff_signal_ConstantTrend_residue_bestCycle_byMAPE_residue', 'RelDiff_signal_ConstantTrend_residue_zeroCycle[0.0]_residue', 'RelDiff_signal_Lag1Trend_residue_bestCycle_byMAPE_residue', 'RelDiff_signal_Lag1Trend_residue_zeroCycle[0.0]_residue'])
INFO:pyaf.timing:('OPERATION_END_ELAPSED', 15.382, ('TRAINING', {'Signal': 'signal', 'Transformation': '_signal'}))
INFO:pyaf.timing:('OPERATION_END_ELAPSED', 15.409, ('TRAINING', {'Signal': 'signal', 'Transformation': 'Diff_signal'}))
INFO:pyaf.timing:('OPERATION_END_ELAPSED', 15.631, ('TRAINING', {'Signal': 'signal', 'Transformation': 'CumSum_signal'}))
INFO:pyaf.timing:('OPERATION_END_ELAPSED', 15.996, ('TRAINING', {'Signal': 'signal', 'Transformation': 'RelDiff_signal'}))
INFO:pyaf.timing:('OPERATION_END_ELAPSED', 27.349, ('SIGNAL_TRAINING', {'Signals': ['signal'], 'Transformations': [('signal', 'None', '_', 'T+S+R'), ('signal', 'None', 'Diff_', 'T+S+R'), ('signal', 'None', 'RelDiff_', 'T+S+R'), ('signal', 'None', 'CumSum_', 'T+S+R')], 'Cores': 4}))
INFO:pyaf.timing:('OPERATION_START', ('FINALIZE_TRAINING', {'Signals': ['signal'], 'Transformations': [('signal', [('signal', 'None', 'CumSum_', 'T+S+R'), ('signal', 'None', 'Diff_', 'T+S+R'), ('signal', 'None', 'RelDiff_', 'T+S+R'), ('signal', 'None', '_', 'T+S+R')])], 'Cores': 1}))
INFO:pyaf.timing:('OPERATION_START', ('MODEL_SELECTION', {'Signal': 'signal', 'Transformations': [('signal', 'None', 'CumSum_', 'T+S+R'), ('signal', 'None', 'Diff_', 'T+S+R'), ('signal', 'None', 'RelDiff_', 'T+S+R'), ('signal', 'None', '_', 'T+S+R')]}))
INFO:pyaf.timing:('OPERATION_END_ELAPSED', 0.071, ('MODEL_SELECTION', {'Signal': 'signal', 'Transformations': [('signal', 'None', 'CumSum_', 'T+S+R'), ('signal', 'None', 'Diff_', 'T+S+R'), ('signal', 'None', 'RelDiff_', 'T+S+R'), ('signal', 'None', '_', 'T+S+R')]}))
INFO:pyaf.timing:('OPERATION_START', ('UPDATE_BEST_MODEL_PERFS', {'Signal': 'signal', 'Model': '_signal_ConstantTrend_residue_bestCycle_byMAPE_residue_NoAR'}))
INFO:pyaf.timing:('OPERATION_END_ELAPSED', 0.246, ('UPDATE_BEST_MODEL_PERFS', {'Signal': 'signal', 'Model': '_signal_ConstantTrend_residue_bestCycle_byMAPE_residue_NoAR'}))
INFO:pyaf.timing:('OPERATION_START', ('COMPUTE_PREDICTION_INTERVALS', {'Signal': 'signal'}))
INFO:pyaf.timing:('OPERATION_END_ELAPSED', 0.208, ('COMPUTE_PREDICTION_INTERVALS', {'Signal': 'signal'}))
INFO:pyaf.timing:('OPERATION_END_ELAPSED', 0.53, ('FINALIZE_TRAINING', {'Signals': ['signal'], 'Transformations': [('signal', [('signal', 'None', 'CumSum_', 'T+S+R'), ('signal', 'None', 'Diff_', 'T+S+R'), ('signal', 'None', 'RelDiff_', 'T+S+R'), ('signal', 'None', '_', 'T+S+R')])], 'Cores': 1}))
INFO:pyaf.timing:('OPERATION_START', ('SIGNAL_TRAINING', {'Signals': ['signal'], 'Transformations': [('signal', 'None', '_', 'T+S+R'), ('signal', 'None', 'Diff_', 'T+S+R'), ('signal', 'None', 'RelDiff_', 'T+S+R'), ('signal', 'None', 'CumSum_', 'T+S+R')], 'Cores': 4}))
INFO:pyaf.timing:('OPERATION_START', ('TRAINING', {'Signal': 'signal', 'Transformation': '_signal'}))
INFO:pyaf.timing:('OPERATION_START', ('TRAINING', {'Signal': 'signal', 'Transformation': 'Diff_signal'}))
INFO:pyaf.timing:('OPERATION_START', ('TRAINING', {'Signal': 'signal', 'Transformation': 'RelDiff_signal'}))
INFO:pyaf.timing:('OPERATION_START', ('TRAINING', {'Signal': 'signal', 'Transformation': 'CumSum_signal'}))
INFO:pyaf.std:SKIPPING_AR_MODELS_WITH_LOW_VARIANCE_FOR_CYCLE_RESIDUES ('T+S+R', 4, 10, ['_signal_ConstantTrend_residue_bestCycle_byMAPE_residue', '_signal_ConstantTrend_residue_zeroCycle[0.0]_residue', '_signal_Lag1Trend_residue_bestCycle_byMAPE_residue', '_signal_Lag1Trend_residue_zeroCycle[0.0]_residue'])
INFO:pyaf.std:SKIPPING_AR_MODELS_WITH_LOW_VARIANCE_FOR_CYCLE_RESIDUES ('T+S+R', 4, 10, ['CumSum_signal_ConstantTrend_residue_bestCycle_byMAPE_residue', 'CumSum_signal_ConstantTrend_residue_zeroCycle[0.0]_residue', 'CumSum_signal_Lag1Trend_residue_bestCycle_byMAPE_residue', 'CumSum_signal_Lag1Trend_residue_zeroCycle[0.0]_residue'])
INFO:pyaf.std:SKIPPING_AR_MODELS_WITH_LOW_VARIANCE_FOR_CYCLE_RESIDUES ('T+S+R', 4, 10, ['Diff_signal_ConstantTrend_residue_bestCycle_byMAPE_residue', 'Diff_signal_ConstantTrend_residue_zeroCycle[0.0]_residue', 'Diff_signal_Lag1Trend_residue_bestCycle_byMAPE_residue', 'Diff_signal_Lag1Trend_residue_zeroCycle[0.0]_residue'])
INFO:pyaf.std:SKIPPING_AR_MODELS_WITH_LOW_VARIANCE_FOR_CYCLE_RESIDUES ('T+S+R', 4, 10, ['RelDiff_signal_ConstantTrend_residue_bestCycle_byMAPE_residue', 'RelDiff_signal_ConstantTrend_residue_zeroCycle[0.0]_residue', 'RelDiff_signal_Lag1Trend_residue_bestCycle_byMAPE_residue', 'RelDiff_signal_Lag1Trend_residue_zeroCycle[0.0]_residue'])
INFO:pyaf.timing:('OPERATION_END_ELAPSED', 9.06, ('TRAINING', {'Signal': 'signal', 'Transformation': '_signal'}))
INFO:pyaf.timing:('OPERATION_END_ELAPSED', 9.082, ('TRAINING', {'Signal': 'signal', 'Transformation': 'Diff_signal'}))
INFO:pyaf.timing:('OPERATION_END_ELAPSED', 9.331, ('TRAINING', {'Signal': 'signal', 'Transformation': 'CumSum_signal'}))
INFO:pyaf.timing:('OPERATION_END_ELAPSED', 9.658, ('TRAINING', {'Signal': 'signal', 'Transformation': 'RelDiff_signal'}))
INFO:pyaf.timing:('OPERATION_END_ELAPSED', 9.984, ('SIGNAL_TRAINING', {'Signals': ['signal'], 'Transformations': [('signal', 'None', '_', 'T+S+R'), ('signal', 'None', 'Diff_', 'T+S+R'), ('signal', 'None', 'RelDiff_', 'T+S+R'), ('signal', 'None', 'CumSum_', 'T+S+R')], 'Cores': 4}))
INFO:pyaf.timing:('OPERATION_START', ('FINALIZE_TRAINING', {'Signals': ['signal'], 'Transformations': [('signal', [('signal', 'None', 'CumSum_', 'T+S+R'), ('signal', 'None', 'Diff_', 'T+S+R'), ('signal', 'None', 'RelDiff_', 'T+S+R'), ('signal', 'None', '_', 'T+S+R')])], 'Cores': 1}))
INFO:pyaf.timing:('OPERATION_START', ('MODEL_SELECTION', {'Signal': 'signal', 'Transformations': [('signal', 'None', 'CumSum_', 'T+S+R'), ('signal', 'None', 'Diff_', 'T+S+R'), ('signal', 'None', 'RelDiff_', 'T+S+R'), ('signal', 'None', '_', 'T+S+R')]}))
INFO:pyaf.timing:('OPERATION_END_ELAPSED', 0.075, ('MODEL_SELECTION', {'Signal': 'signal', 'Transformations': [('signal', 'None', 'CumSum_', 'T+S+R'), ('signal', 'None', 'Diff_', 'T+S+R'), ('signal', 'None', 'RelDiff_', 'T+S+R'), ('signal', 'None', '_', 'T+S+R')]}))
INFO:pyaf.timing:('OPERATION_START', ('UPDATE_BEST_MODEL_PERFS', {'Signal': 'signal', 'Model': '_signal_ConstantTrend_residue_bestCycle_byMAPE_residue_NoAR'}))
INFO:pyaf.timing:('OPERATION_END_ELAPSED', 0.306, ('UPDATE_BEST_MODEL_PERFS', {'Signal': 'signal', 'Model': '_signal_ConstantTrend_residue_bestCycle_byMAPE_residue_NoAR'}))
INFO:pyaf.timing:('OPERATION_START', ('COMPUTE_PREDICTION_INTERVALS', {'Signal': 'signal'}))
INFO:pyaf.timing:('OPERATION_END_ELAPSED', 0.238, ('COMPUTE_PREDICTION_INTERVALS', {'Signal': 'signal'}))
INFO:pyaf.timing:('OPERATION_END_ELAPSED', 0.626, ('FINALIZE_TRAINING', {'Signals': ['signal'], 'Transformations': [('signal', [('signal', 'None', 'CumSum_', 'T+S+R'), ('signal', 'None', 'Diff_', 'T+S+R'), ('signal', 'None', 'RelDiff_', 'T+S+R'), ('signal', 'None', '_', 'T+S+R')])], 'Cores': 1}))
INFO:pyaf.timing:('OPERATION_START', ('SIGNAL_TRAINING', {'Signals': ['signal'], 'Transformations': [('signal', 'None', '_', 'T+S+R'), ('signal', 'None', 'Diff_', 'T+S+R'), ('signal', 'None', 'RelDiff_', 'T+S+R'), ('signal', 'None', 'CumSum_', 'T+S+R')], 'Cores': 4}))
INFO:pyaf.timing:('OPERATION_START', ('TRAINING', {'Signal': 'signal', 'Transformation': '_signal'}))
INFO:pyaf.timing:('OPERATION_START', ('TRAINING', {'Signal': 'signal', 'Transformation': 'Diff_signal'}))
INFO:pyaf.timing:('OPERATION_START', ('TRAINING', {'Signal': 'signal', 'Transformation': 'CumSum_signal'}))
INFO:pyaf.timing:('OPERATION_START', ('TRAINING', {'Signal': 'signal', 'Transformation': 'RelDiff_signal'}))
INFO:pyaf.std:SKIPPING_AR_MODELS_WITH_LOW_VARIANCE_FOR_CYCLE_RESIDUES ('T+S+R', 4, 10, ['_signal_ConstantTrend_residue_bestCycle_byMAPE_residue', '_signal_ConstantTrend_residue_zeroCycle[0.0]_residue', '_signal_Lag1Trend_residue_bestCycle_byMAPE_residue', '_signal_Lag1Trend_residue_zeroCycle[0.0]_residue'])
INFO:pyaf.std:SKIPPING_AR_MODELS_WITH_LOW_VARIANCE_FOR_CYCLE_RESIDUES ('T+S+R', 4, 10, ['CumSum_signal_ConstantTrend_residue_bestCycle_byMAPE_residue', 'CumSum_signal_ConstantTrend_residue_zeroCycle[0.0]_residue', 'CumSum_signal_Lag1Trend_residue_bestCycle_byMAPE_residue', 'CumSum_signal_Lag1Trend_residue_zeroCycle[0.0]_residue'])
INFO:pyaf.std:SKIPPING_AR_MODELS_WITH_LOW_VARIANCE_FOR_CYCLE_RESIDUES ('T+S+R', 4, 10, ['Diff_signal_ConstantTrend_residue_bestCycle_byMAPE_residue', 'Diff_signal_ConstantTrend_residue_zeroCycle[0.0]_residue', 'Diff_signal_Lag1Trend_residue_bestCycle_byMAPE_residue', 'Diff_signal_Lag1Trend_residue_zeroCycle[0.0]_residue'])
INFO:pyaf.std:SKIPPING_AR_MODELS_WITH_LOW_VARIANCE_FOR_CYCLE_RESIDUES ('T+S+R', 4, 10, ['RelDiff_signal_ConstantTrend_residue_bestCycle_byMAPE_residue', 'RelDiff_signal_ConstantTrend_residue_zeroCycle[0.0]_residue', 'RelDiff_signal_Lag1Trend_residue_bestCycle_byMAPE_residue', 'RelDiff_signal_Lag1Trend_residue_zeroCycle[0.0]_residue'])
INFO:pyaf.timing:('OPERATION_END_ELAPSED', 7.793, ('TRAINING', {'Signal': 'signal', 'Transformation': '_signal'}))
INFO:pyaf.timing:('OPERATION_END_ELAPSED', 8.295, ('TRAINING', {'Signal': 'signal', 'Transformation': 'CumSum_signal'}))
INFO:pyaf.timing:('OPERATION_END_ELAPSED', 9.337, ('TRAINING', {'Signal': 'signal', 'Transformation': 'Diff_signal'}))
INFO:pyaf.timing:('OPERATION_END_ELAPSED', 9.635, ('TRAINING', {'Signal': 'signal', 'Transformation': 'RelDiff_signal'}))
INFO:pyaf.timing:('OPERATION_END_ELAPSED', 9.958, ('SIGNAL_TRAINING', {'Signals': ['signal'], 'Transformations': [('signal', 'None', '_', 'T+S+R'), ('signal', 'None', 'Diff_', 'T+S+R'), ('signal', 'None', 'RelDiff_', 'T+S+R'), ('signal', 'None', 'CumSum_', 'T+S+R')], 'Cores': 4}))
INFO:pyaf.timing:('OPERATION_START', ('FINALIZE_TRAINING', {'Signals': ['signal'], 'Transformations': [('signal', [('signal', 'None', 'CumSum_', 'T+S+R'), ('signal', 'None', 'Diff_', 'T+S+R'), ('signal', 'None', 'RelDiff_', 'T+S+R'), ('signal', 'None', '_', 'T+S+R')])], 'Cores': 1}))
INFO:pyaf.timing:('OPERATION_START', ('MODEL_SELECTION', {'Signal': 'signal', 'Transformations': [('signal', 'None', 'CumSum_', 'T+S+R'), ('signal', 'None', 'Diff_', 'T+S+R'), ('signal', 'None', 'RelDiff_', 'T+S+R'), ('signal', 'None', '_', 'T+S+R')]}))
INFO:pyaf.timing:('OPERATION_END_ELAPSED', 0.055, ('MODEL_SELECTION', {'Signal': 'signal', 'Transformations': [('signal', 'None', 'CumSum_', 'T+S+R'), ('signal', 'None', 'Diff_', 'T+S+R'), ('signal', 'None', 'RelDiff_', 'T+S+R'), ('signal', 'None', '_', 'T+S+R')]}))
INFO:pyaf.timing:('OPERATION_START', ('UPDATE_BEST_MODEL_PERFS', {'Signal': 'signal', 'Model': '_signal_ConstantTrend_residue_bestCycle_byMAPE_residue_NoAR'}))
INFO:pyaf.timing:('OPERATION_END_ELAPSED', 0.221, ('UPDATE_BEST_MODEL_PERFS', {'Signal': 'signal', 'Model': '_signal_ConstantTrend_residue_bestCycle_byMAPE_residue_NoAR'}))
INFO:pyaf.timing:('OPERATION_START', ('COMPUTE_PREDICTION_INTERVALS', {'Signal': 'signal'}))
INFO:pyaf.timing:('OPERATION_END_ELAPSED', 0.222, ('COMPUTE_PREDICTION_INTERVALS', {'Signal': 'signal'}))
INFO:pyaf.timing:('OPERATION_END_ELAPSED', 0.502, ('FINALIZE_TRAINING', {'Signals': ['signal'], 'Transformations': [('signal', [('signal', 'None', 'CumSum_', 'T+S+R'), ('signal', 'None', 'Diff_', 'T+S+R'), ('signal', 'None', 'RelDiff_', 'T+S+R'), ('signal', 'None', '_', 'T+S+R')])], 'Cores': 1}))
INFO:pyaf.timing:('OPERATION_START', ('SIGNAL_TRAINING', {'Signals': ['signal'], 'Transformations': [('signal', 'None', '_', 'T+S+R'), ('signal', 'None', 'Diff_', 'T+S+R'), ('signal', 'None', 'RelDiff_', 'T+S+R'), ('signal', 'None', 'CumSum_', 'T+S+R')], 'Cores': 4}))
INFO:pyaf.timing:('OPERATION_START', ('TRAINING', {'Signal': 'signal', 'Transformation': '_signal'}))
INFO:pyaf.timing:('OPERATION_START', ('TRAINING', {'Signal': 'signal', 'Transformation': 'Diff_signal'}))
INFO:pyaf.timing:('OPERATION_START', ('TRAINING', {'Signal': 'signal', 'Transformation': 'CumSum_signal'}))
INFO:pyaf.timing:('OPERATION_START', ('TRAINING', {'Signal': 'signal', 'Transformation': 'RelDiff_signal'}))
INFO:pyaf.std:SKIPPING_AR_MODELS_WITH_LOW_VARIANCE_FOR_CYCLE_RESIDUES ('T+S+R', 4, 10, ['_signal_ConstantTrend_residue_bestCycle_byMAPE_residue', '_signal_ConstantTrend_residue_zeroCycle[0.0]_residue', '_signal_Lag1Trend_residue_bestCycle_byMAPE_residue', '_signal_Lag1Trend_residue_zeroCycle[0.0]_residue'])
INFO:pyaf.std:SKIPPING_AR_MODELS_WITH_LOW_VARIANCE_FOR_CYCLE_RESIDUES ('T+S+R', 4, 10, ['CumSum_signal_ConstantTrend_residue_bestCycle_byMAPE_residue', 'CumSum_signal_ConstantTrend_residue_zeroCycle[0.0]_residue', 'CumSum_signal_Lag1Trend_residue_bestCycle_byMAPE_residue', 'CumSum_signal_Lag1Trend_residue_zeroCycle[0.0]_residue'])
INFO:pyaf.std:SKIPPING_AR_MODELS_WITH_LOW_VARIANCE_FOR_CYCLE_RESIDUES ('T+S+R', 4, 10, ['Diff_signal_ConstantTrend_residue_bestCycle_byMAPE_residue', 'Diff_signal_ConstantTrend_residue_zeroCycle[0.0]_residue', 'Diff_signal_Lag1Trend_residue_bestCycle_byMAPE_residue', 'Diff_signal_Lag1Trend_residue_zeroCycle[0.0]_residue'])
INFO:pyaf.std:SKIPPING_AR_MODELS_WITH_LOW_VARIANCE_FOR_CYCLE_RESIDUES ('T+S+R', 4, 10, ['RelDiff_signal_ConstantTrend_residue_bestCycle_byMAPE_residue', 'RelDiff_signal_ConstantTrend_residue_zeroCycle[0.0]_residue', 'RelDiff_signal_Lag1Trend_residue_bestCycle_byMAPE_residue', 'RelDiff_signal_Lag1Trend_residue_zeroCycle[0.0]_residue'])
INFO:pyaf.timing:('OPERATION_END_ELAPSED', 8.828, ('TRAINING', {'Signal': 'signal', 'Transformation': '_signal'}))
INFO:pyaf.timing:('OPERATION_END_ELAPSED', 9.232, ('TRAINING', {'Signal': 'signal', 'Transformation': 'CumSum_signal'}))
INFO:pyaf.timing:('OPERATION_END_ELAPSED', 9.797, ('TRAINING', {'Signal': 'signal', 'Transformation': 'Diff_signal'}))
INFO:pyaf.timing:('OPERATION_END_ELAPSED', 10.119, ('TRAINING', {'Signal': 'signal', 'Transformation': 'RelDiff_signal'}))
INFO:pyaf.timing:('OPERATION_END_ELAPSED', 10.52, ('SIGNAL_TRAINING', {'Signals': ['signal'], 'Transformations': [('signal', 'None', '_', 'T+S+R'), ('signal', 'None', 'Diff_', 'T+S+R'), ('signal', 'None', 'RelDiff_', 'T+S+R'), ('signal', 'None', 'CumSum_', 'T+S+R')], 'Cores': 4}))
INFO:pyaf.timing:('OPERATION_START', ('FINALIZE_TRAINING', {'Signals': ['signal'], 'Transformations': [('signal', [('signal', 'None', 'CumSum_', 'T+S+R'), ('signal', 'None', 'Diff_', 'T+S+R'), ('signal', 'None', 'RelDiff_', 'T+S+R'), ('signal', 'None', '_', 'T+S+R')])], 'Cores': 1}))
INFO:pyaf.timing:('OPERATION_START', ('MODEL_SELECTION', {'Signal': 'signal', 'Transformations': [('signal', 'None', 'CumSum_', 'T+S+R'), ('signal', 'None', 'Diff_', 'T+S+R'), ('signal', 'None', 'RelDiff_', 'T+S+R'), ('signal', 'None', '_', 'T+S+R')]}))
INFO:pyaf.timing:('OPERATION_END_ELAPSED', 0.071, ('MODEL_SELECTION', {'Signal': 'signal', 'Transformations': [('signal', 'None', 'CumSum_', 'T+S+R'), ('signal', 'None', 'Diff_', 'T+S+R'), ('signal', 'None', 'RelDiff_', 'T+S+R'), ('signal', 'None', '_', 'T+S+R')]}))
INFO:pyaf.timing:('OPERATION_START', ('UPDATE_BEST_MODEL_PERFS', {'Signal': 'signal', 'Model': '_signal_ConstantTrend_residue_bestCycle_byMAPE_residue_NoAR'}))
INFO:pyaf.timing:('OPERATION_END_ELAPSED', 0.293, ('UPDATE_BEST_MODEL_PERFS', {'Signal': 'signal', 'Model': '_signal_ConstantTrend_residue_bestCycle_byMAPE_residue_NoAR'}))
INFO:pyaf.timing:('OPERATION_START', ('COMPUTE_PREDICTION_INTERVALS', {'Signal': 'signal'}))
INFO:pyaf.timing:('OPERATION_END_ELAPSED', 0.237, ('COMPUTE_PREDICTION_INTERVALS', {'Signal': 'signal'}))
INFO:pyaf.timing:('OPERATION_END_ELAPSED', 0.607, ('FINALIZE_TRAINING', {'Signals': ['signal'], 'Transformations': [('signal', [('signal', 'None', 'CumSum_', 'T+S+R'), ('signal', 'None', 'Diff_', 'T+S+R'), ('signal', 'None', 'RelDiff_', 'T+S+R'), ('signal', 'None', '_', 'T+S+R')])], 'Cores': 1}))
/home/antoine/dev/python/packages/timeseries/pyaf/tests/basic_checks/issue_46_wrong_type_date_column.py:13: DeprecationWarning: `np.object` is a deprecated alias for the builtin `object`. To silence this warning, use `object` by itself. Doing this will not modify any behavior and is safe. 
Deprecated in NumPy 1.20; for more details and guidance: https://numpy.org/devdocs/release/1.20.0-notes.html#deprecations
  for ty in [np.object , np.bool]:
/home/antoine/dev/python/packages/timeseries/pyaf/tests/basic_checks/issue_46_wrong_type_date_column.py:13: DeprecationWarning: `np.bool` is a deprecated alias for the builtin `bool`. To silence this warning, use `bool` by itself. Doing this will not modify any behavior and is safe. If you specifically wanted the numpy scalar type, use `np.bool_` here.
Deprecated in NumPy 1.20; for more details and guidance: https://numpy.org/devdocs/release/1.20.0-notes.html#deprecations
  for ty in [np.object , np.bool]:
INFO:pyaf.timing:('OPERATION_START', ('SIGNAL_TRAINING', {'Signals': ['signal'], 'Transformations': [('signal', 'None', '_', 'T+S+R'), ('signal', 'None', 'Diff_', 'T+S+R'), ('signal', 'None', 'RelDiff_', 'T+S+R'), ('signal', 'None', 'CumSum_', 'T+S+R')], 'Cores': 4}))
PYAF_ERROR_TIME_COLUMN_TYPE_NOT_ALLOWED 'date' 'object'
PYAF_ERROR_TIME_COLUMN_TYPE_NOT_ALLOWED 'date' 'bool'
<class 'pandas.core.frame.DataFrame'>
RangeIndex: 1 entries, 0 to 0
Data columns (total 2 columns):
 #   Column  Non-Null Count  Dtype         
---  ------  --------------  -----         
 0   date    1 non-null      datetime64[ns]
 1   signal  1 non-null      float64       
dtypes: datetime64[ns](1), float64(1)
memory usage: 144.0 bytes
INFO:pyaf.timing:('OPERATION_START', ('TRAINING', {'Signal': 'signal', 'Transformation': '_signal'}))
INFO:pyaf.timing:('OPERATION_START', ('TRAINING', {'Signal': 'signal', 'Transformation': 'Diff_signal'}))
INFO:pyaf.timing:('OPERATION_START', ('TRAINING', {'Signal': 'signal', 'Transformation': 'RelDiff_signal'}))
INFO:pyaf.timing:('OPERATION_START', ('TRAINING', {'Signal': 'signal', 'Transformation': 'CumSum_signal'}))
INFO:pyaf.std:SKIPPING_AR_MODELS_WITH_LOW_VARIANCE_FOR_CYCLE_RESIDUES ('T+S+R', 4, 10, ['_signal_ConstantTrend_residue_bestCycle_byMAPE_residue', '_signal_ConstantTrend_residue_zeroCycle[0.0]_residue', '_signal_Lag1Trend_residue_bestCycle_byMAPE_residue', '_signal_Lag1Trend_residue_zeroCycle[0.0]_residue'])
INFO:pyaf.std:SKIPPING_AR_MODELS_WITH_LOW_VARIANCE_FOR_CYCLE_RESIDUES ('T+S+R', 4, 10, ['CumSum_signal_ConstantTrend_residue_bestCycle_byMAPE_residue', 'CumSum_signal_ConstantTrend_residue_zeroCycle[0.0]_residue', 'CumSum_signal_Lag1Trend_residue_bestCycle_byMAPE_residue', 'CumSum_signal_Lag1Trend_residue_zeroCycle[0.0]_residue'])
INFO:pyaf.std:SKIPPING_AR_MODELS_WITH_LOW_VARIANCE_FOR_CYCLE_RESIDUES ('T+S+R', 4, 10, ['Diff_signal_ConstantTrend_residue_bestCycle_byMAPE_residue', 'Diff_signal_ConstantTrend_residue_zeroCycle[0.0]_residue', 'Diff_signal_Lag1Trend_residue_bestCycle_byMAPE_residue', 'Diff_signal_Lag1Trend_residue_zeroCycle[0.0]_residue'])
INFO:pyaf.std:SKIPPING_AR_MODELS_WITH_LOW_VARIANCE_FOR_CYCLE_RESIDUES ('T+S+R', 4, 10, ['RelDiff_signal_ConstantTrend_residue_bestCycle_byMAPE_residue', 'RelDiff_signal_ConstantTrend_residue_zeroCycle[0.0]_residue', 'RelDiff_signal_Lag1Trend_residue_bestCycle_byMAPE_residue', 'RelDiff_signal_Lag1Trend_residue_zeroCycle[0.0]_residue'])
INFO:pyaf.timing:('OPERATION_END_ELAPSED', 9.297, ('TRAINING', {'Signal': 'signal', 'Transformation': 'CumSum_signal'}))
INFO:pyaf.timing:('OPERATION_END_ELAPSED', 9.64, ('TRAINING', {'Signal': 'signal', 'Transformation': '_signal'}))
INFO:pyaf.timing:('OPERATION_END_ELAPSED', 9.805, ('TRAINING', {'Signal': 'signal', 'Transformation': 'Diff_signal'}))
INFO:pyaf.timing:('OPERATION_END_ELAPSED', 10.395, ('TRAINING', {'Signal': 'signal', 'Transformation': 'RelDiff_signal'}))
INFO:pyaf.timing:('OPERATION_END_ELAPSED', 10.804, ('SIGNAL_TRAINING', {'Signals': ['signal'], 'Transformations': [('signal', 'None', '_', 'T+S+R'), ('signal', 'None', 'Diff_', 'T+S+R'), ('signal', 'None', 'RelDiff_', 'T+S+R'), ('signal', 'None', 'CumSum_', 'T+S+R')], 'Cores': 4}))
INFO:pyaf.timing:('OPERATION_START', ('FINALIZE_TRAINING', {'Signals': ['signal'], 'Transformations': [('signal', [('signal', 'None', 'CumSum_', 'T+S+R'), ('signal', 'None', 'Diff_', 'T+S+R'), ('signal', 'None', 'RelDiff_', 'T+S+R'), ('signal', 'None', '_', 'T+S+R')])], 'Cores': 1}))
INFO:pyaf.timing:('OPERATION_START', ('MODEL_SELECTION', {'Signal': 'signal', 'Transformations': [('signal', 'None', 'CumSum_', 'T+S+R'), ('signal', 'None', 'Diff_', 'T+S+R'), ('signal', 'None', 'RelDiff_', 'T+S+R'), ('signal', 'None', '_', 'T+S+R')]}))
INFO:pyaf.timing:('OPERATION_END_ELAPSED', 0.075, ('MODEL_SELECTION', {'Signal': 'signal', 'Transformations': [('signal', 'None', 'CumSum_', 'T+S+R'), ('signal', 'None', 'Diff_', 'T+S+R'), ('signal', 'None', 'RelDiff_', 'T+S+R'), ('signal', 'None', '_', 'T+S+R')]}))
INFO:pyaf.timing:('OPERATION_START', ('UPDATE_BEST_MODEL_PERFS', {'Signal': 'signal', 'Model': '_signal_ConstantTrend_residue_bestCycle_byMAPE_residue_NoAR'}))
INFO:pyaf.timing:('OPERATION_END_ELAPSED', 0.303, ('UPDATE_BEST_MODEL_PERFS', {'Signal': 'signal', 'Model': '_signal_ConstantTrend_residue_bestCycle_byMAPE_residue_NoAR'}))
INFO:pyaf.timing:('OPERATION_START', ('COMPUTE_PREDICTION_INTERVALS', {'Signal': 'signal'}))
INFO:pyaf.timing:('OPERATION_END_ELAPSED', 0.242, ('COMPUTE_PREDICTION_INTERVALS', {'Signal': 'signal'}))
INFO:pyaf.timing:('OPERATION_END_ELAPSED', 0.625, ('FINALIZE_TRAINING', {'Signals': ['signal'], 'Transformations': [('signal', [('signal', 'None', 'CumSum_', 'T+S+R'), ('signal', 'None', 'Diff_', 'T+S+R'), ('signal', 'None', 'RelDiff_', 'T+S+R'), ('signal', 'None', '_', 'T+S+R')])], 'Cores': 1}))
