INFO:pyaf.timing:('OPERATION_START', ('SIGNAL_TRAINING', {'Signals': ['Signal_TSR'], 'Transformations': [('Signal_TSR', 'None', '_', 'T+S+R'), ('Signal_TSR', 'None', '_', 'TS+R'), ('Signal_TSR', 'None', '_', 'TSR'), ('Signal_TSR', 'None', 'Diff_', 'T+S+R'), ('Signal_TSR', 'None', 'Diff_', 'TS+R'), ('Signal_TSR', 'None', 'Diff_', 'TSR'), ('Signal_TSR', 'None', 'RelDiff_', 'T+S+R'), ('Signal_TSR', 'None', 'RelDiff_', 'TS+R'), ('Signal_TSR', 'None', 'RelDiff_', 'TSR'), ('Signal_TSR', 'None', 'CumSum_', 'T+S+R'), ('Signal_TSR', 'None', 'CumSum_', 'TS+R'), ('Signal_TSR', 'None', 'CumSum_', 'TSR')], 'Cores': 8}))
         Date  idx     T  ...  Signal_Constant  Signal_Zero  Signal_One
0  2016-01-25    0  0.00  ...              4.0          0.0         1.0
1  2016-01-26    1  0.05  ...              4.0          0.0         1.0
2  2016-01-27    2  0.10  ...              4.0          0.0         1.0
3  2016-01-28    3  0.15  ...              4.0          0.0         1.0
4  2016-01-29    4  0.20  ...              4.0          0.0         1.0
5  2016-01-30    5  0.25  ...              4.0          0.0         1.0
6  2016-01-31    6  0.30  ...              4.0          0.0         1.0
7  2016-02-01    7  0.35  ...              4.0          0.0         1.0
8  2016-02-02    8  0.40  ...              4.0          0.0         1.0
9  2016-02-03    9  0.45  ...              4.0          0.0         1.0
10 2016-02-04   10  0.50  ...              4.0          0.0         1.0
11 2016-02-05   11  0.55  ...              4.0          0.0         1.0
12 2016-02-06   12  0.60  ...              4.0          0.0         1.0
13 2016-02-07   13  0.65  ...              4.0          0.0         1.0
14 2016-02-08   14  0.70  ...              4.0          0.0         1.0
15 2016-02-09   15  0.75  ...              4.0          0.0         1.0
16 2016-02-10   16  0.80  ...              4.0          0.0         1.0
17 2016-02-11   17  0.85  ...              4.0          0.0         1.0
18 2016-02-12   18  0.90  ...              4.0          0.0         1.0
19 2016-02-13   19  0.95  ...              4.0          0.0         1.0
20 2016-02-14   20  1.00  ...              4.0          0.0         1.0
21 2016-02-15   21  1.05  ...              4.0          0.0         1.0
22 2016-02-16   22  1.10  ...              4.0          0.0         1.0
23 2016-02-17   23  1.15  ...              4.0          0.0         1.0

[24 rows x 11 columns]
INFO:pyaf.timing:('OPERATION_START', ('TRAINING', {'Signal': 'Signal_TSR', 'Transformation': '_Signal_TSR'}))
INFO:pyaf.timing:('OPERATION_START', ('TRAINING', {'Signal': 'Signal_TSR', 'Transformation': '_Signal_TSR'}))
INFO:pyaf.timing:('OPERATION_START', ('TRAINING', {'Signal': 'Signal_TSR', 'Transformation': '_Signal_TSR'}))
INFO:pyaf.timing:('OPERATION_START', ('TRAINING', {'Signal': 'Signal_TSR', 'Transformation': 'Diff_Signal_TSR'}))
INFO:pyaf.timing:('OPERATION_START', ('TRAINING', {'Signal': 'Signal_TSR', 'Transformation': 'Diff_Signal_TSR'}))
INFO:pyaf.timing:('OPERATION_START', ('TRAINING', {'Signal': 'Signal_TSR', 'Transformation': 'Diff_Signal_TSR'}))
INFO:pyaf.timing:('OPERATION_START', ('TRAINING', {'Signal': 'Signal_TSR', 'Transformation': 'RelDiff_Signal_TSR'}))
INFO:pyaf.timing:('OPERATION_START', ('TRAINING', {'Signal': 'Signal_TSR', 'Transformation': 'RelDiff_Signal_TSR'}))
INFO:pyaf.timing:('OPERATION_END_ELAPSED', 32.086, ('TRAINING', {'Signal': 'Signal_TSR', 'Transformation': 'Diff_Signal_TSR'}))
INFO:pyaf.timing:('OPERATION_END_ELAPSED', 32.594, ('TRAINING', {'Signal': 'Signal_TSR', 'Transformation': 'Diff_Signal_TSR'}))
INFO:pyaf.timing:('OPERATION_START', ('TRAINING', {'Signal': 'Signal_TSR', 'Transformation': 'RelDiff_Signal_TSR'}))
INFO:pyaf.timing:('OPERATION_END_ELAPSED', 33.67, ('TRAINING', {'Signal': 'Signal_TSR', 'Transformation': '_Signal_TSR'}))
INFO:pyaf.timing:('OPERATION_END_ELAPSED', 34.264, ('TRAINING', {'Signal': 'Signal_TSR', 'Transformation': 'RelDiff_Signal_TSR'}))
INFO:pyaf.timing:('OPERATION_END_ELAPSED', 34.64, ('TRAINING', {'Signal': 'Signal_TSR', 'Transformation': '_Signal_TSR'}))
INFO:pyaf.timing:('OPERATION_END_ELAPSED', 34.997, ('TRAINING', {'Signal': 'Signal_TSR', 'Transformation': 'Diff_Signal_TSR'}))
INFO:pyaf.timing:('OPERATION_END_ELAPSED', 36.634, ('TRAINING', {'Signal': 'Signal_TSR', 'Transformation': '_Signal_TSR'}))
INFO:pyaf.timing:('OPERATION_END_ELAPSED', 36.818, ('TRAINING', {'Signal': 'Signal_TSR', 'Transformation': 'RelDiff_Signal_TSR'}))
INFO:pyaf.timing:('OPERATION_START', ('TRAINING', {'Signal': 'Signal_TSR', 'Transformation': 'CumSum_Signal_TSR'}))
INFO:pyaf.timing:('OPERATION_START', ('TRAINING', {'Signal': 'Signal_TSR', 'Transformation': 'CumSum_Signal_TSR'}))
INFO:pyaf.timing:('OPERATION_START', ('TRAINING', {'Signal': 'Signal_TSR', 'Transformation': 'CumSum_Signal_TSR'}))
INFO:pyaf.timing:('OPERATION_END_ELAPSED', 14.531, ('TRAINING', {'Signal': 'Signal_TSR', 'Transformation': 'CumSum_Signal_TSR'}))
INFO:pyaf.timing:('OPERATION_END_ELAPSED', 15.605, ('TRAINING', {'Signal': 'Signal_TSR', 'Transformation': 'CumSum_Signal_TSR'}))
